<?xml version="1.0" encoding="UTF-8"?>
<!-- Generated by org.testng.reporters.JUnitReportReporter -->
<testsuite hostname="DESKTOP-D84TOFF" failures="0" tests="2" name="testCases.LoginTest" time="17.048" errors="0" timestamp="24 Apr 2023 14:03:48 GMT" skipped="0">
  <testcase classname="testCases.LoginTest" name="InvalidLogin" time="7.948"/>
  <testcase classname="testCases.LoginTest" name="ValidLogin" time="9.100"/>
</testsuite> <!-- testCases.LoginTest -->
