<?xml version="1.0" encoding="UTF-8"?>
<!-- Generated by org.testng.reporters.JUnitReportReporter -->
<testsuite skipped="0" hostname="DESKTOP-D84TOFF" name="testCases.LoginTest" tests="2" failures="0" timestamp="24 Apr 2023 14:05:20 GMT" time="16.441" errors="0">
  <testcase name="InvalidLogin" time="7.445" classname="testCases.LoginTest"/>
  <testcase name="ValidLogin" time="8.996" classname="testCases.LoginTest"/>
</testsuite> <!-- testCases.LoginTest -->
